\BOOKMARK [1][-]{section.1}{\376\377\170\024\172\166\200\314\146\157}{}% 1
\BOOKMARK [2][-]{subsection.1.1}{\376\377\116\012\155\167\136\002\142\077\127\060\116\247\136\002\127\072\123\321\134\125\163\260\162\266\116\016\210\114\116\032\162\171\137\201}{section.1}% 2
\BOOKMARK [2][-]{subsection.1.2}{\376\377\116\214\142\113\142\077\142\077\116\367\137\161\124\315\126\340\175\040\166\204\170\024\172\166\141\017\116\111}{section.1}% 3
\BOOKMARK [1][-]{section.2}{\376\377\145\160\143\156\147\145\156\220\116\016\145\160\143\156\230\204\131\004\164\006}{}% 4
\BOOKMARK [2][-]{subsection.2.1}{\376\377\145\160\143\156\147\145\156\220\116\016\145\164\117\123\213\364\146\016}{section.2}% 5
\BOOKMARK [3][-]{subsubsection.2.1.1}{\376\377\150\070\137\303\145\160\143\156\226\306\377\032\116\012\155\167\116\214\142\113\142\077\127\372\170\100\145\160\143\156\226\306}{subsection.2.1}% 6
\BOOKMARK [3][-]{subsubsection.2.1.2}{\376\377\172\172\225\364\145\160\143\156\377\032\116\012\155\167\136\002\134\017\123\072\176\317\176\254\136\246\145\160\143\156}{subsection.2.1}% 7
\BOOKMARK [2][-]{subsection.2.2}{\376\377\145\160\143\156\133\127\153\265\116\016\145\160\143\156\151\202\211\310}{section.2}% 8
\BOOKMARK [3][-]{subsubsection.2.2.1}{\376\377\127\372\170\100\133\127\153\265\213\364\146\016}{subsection.2.2}% 9
\BOOKMARK [3][-]{subsubsection.2.2.2}{\376\377\176\317\176\254\136\246\145\160\143\156\116\016\000\040\000P\000O\000I\000\040\145\160\143\156\166\204\207\215\124\010\145\160\143\156}{subsection.2.2}% 10
\BOOKMARK [1][-]{section.3}{\376\377\116\012\155\167\136\002\116\214\142\113\142\077\142\077\116\367\143\242\175\042\140\047\145\160\143\156\122\006\147\220}{}% 11
\BOOKMARK [2][-]{subsection.3.1}{\376\377\123\125\123\330\221\317\122\006\136\003\162\171\137\201\122\006\147\220}{section.3}% 12
\BOOKMARK [3][-]{subsubsection.3.1.1}{\376\377\126\340\123\330\221\317\122\006\147\220\377\032\116\214\142\113\142\077\142\077\116\367\122\006\136\003\162\171\137\201}{subsection.3.1}% 13
\BOOKMARK [3][-]{subsubsection.3.1.2}{\376\377\217\336\176\355\127\213\201\352\123\330\221\317\122\006\147\220\377\032\227\142\171\357\060\001\151\174\134\102\060\001\136\372\142\020\136\164\116\343\173\111\122\006\136\003\162\171\137\201}{subsection.3.1}% 14
\BOOKMARK [3][-]{subsubsection.3.1.3}{\376\377\122\006\174\173\127\213\201\352\123\330\221\317\122\006\147\220\377\032\142\067\127\213\060\001\210\305\117\356\140\305\121\265\060\001\142\077\134\113\147\035\124\021\173\111\122\006\136\003\162\171\137\201}{subsection.3.1}% 15
\BOOKMARK [2][-]{subsection.3.2}{\376\377\166\370\121\163\140\047\122\006\147\220}{section.3}% 16
\BOOKMARK [3][-]{subsubsection.3.2.1}{\376\377\142\077\116\367\116\016\136\372\173\121\134\136\140\047\060\001\134\017\123\072\134\136\140\047\173\111\166\204\166\370\121\163\140\047\122\006\147\220}{subsection.3.2}% 17
\BOOKMARK [3][-]{subsubsection.3.2.2}{\376\377\123\330\221\317\166\370\121\163\140\047\160\355\122\233\126\376\116\016\131\032\221\315\121\161\176\277\140\047\122\044\145\255}{subsection.3.2}% 18
\BOOKMARK [2][-]{subsection.3.3}{\376\377\127\372\116\216\176\317\176\254\136\246\116\016\000\040\000P\000O\000I\000\040\166\204\142\077\116\367\172\172\225\364\122\006\136\003\122\006\147\220}{section.3}% 19
\BOOKMARK [3][-]{subsubsection.3.3.1}{\376\377\116\012\155\167\136\002\116\214\142\113\142\077\142\077\116\367\145\164\117\123\172\172\225\364\122\006\136\003\150\074\134\100}{subsection.3.3}% 20
\BOOKMARK [3][-]{subsubsection.3.3.2}{\376\377\124\004\210\114\145\077\123\072\000\040\000/\000\040\147\177\127\127\142\077\116\367\166\204\172\172\225\364\135\356\137\002\116\016\200\132\174\173\162\171\137\201}{subsection.3.3}% 21
\BOOKMARK [3][-]{subsubsection.3.3.3}{\376\377\150\070\137\303\000\040\000P\000O\000I\000\040\133\371\142\077\116\367\166\204\172\172\225\364\137\161\124\315\122\006\147\220}{subsection.3.3}% 22
\BOOKMARK [1][-]{section.4}{\376\377\133\236\213\301\122\006\147\220}{}% 23
\BOOKMARK [2][-]{subsection.4.1}{\376\377\121\163\225\056\137\161\124\315\123\330\221\317\213\306\122\053\000-\000L\000A\000S\000S\000O\000\040\126\336\137\122\152\041\127\213\147\204\136\372\116\016\147\000\117\030\153\143\122\031\123\026\123\302\145\160\220\011\142\351}{section.4}% 24
\BOOKMARK [2][-]{subsection.4.2}{\376\377\165\050\000G\000L\000M\147\204\136\372\127\372\121\306\152\041\127\213}{section.4}% 25
\BOOKMARK [2][-]{subsection.4.3}{\376\377\122\006\147\220\127\372\121\306\152\041\127\213\166\204\153\213\135\356\377\014\217\333\210\114\172\172\225\364\145\110\136\224\150\300\232\214}{section.4}% 26
\BOOKMARK [2][-]{subsection.4.4}{\376\377\166\370\124\014\166\204\211\343\221\312\123\330\221\317\147\204\136\372\172\172\225\364\152\041\127\213}{section.4}% 27
\BOOKMARK [2][-]{subsection.4.5}{\376\377\116\044\116\052\152\041\127\213\166\204\211\343\213\373\124\214\142\337\124\010\145\110\147\234\133\371\153\324}{section.4}% 28
\BOOKMARK [1][-]{section.5}{\376\377\176\323\213\272\116\016\140\073\176\323}{}% 29
